<?xml version="1.0" encoding="UTF-8"?>
<!-- Generated by org.testng.reporters.JUnitReportReporter -->
<testsuite hostname="DESKTOP-C19AETB" failures="0" tests="1" name="mavenone.NewTest" time="0.011" errors="0" timestamp="30 6æœˆ 2022 08:39:37 GMT" skipped="0">
  <testcase classname="mavenone.NewTest" name="f" time="0.011"/>
</testsuite> <!-- mavenone.NewTest -->
