<?xml version="1.0" encoding="UTF-8"?>
<testsuite xmlns:xsi="http://www.w3.org/2001/XMLSchema-instance" xsi:noNamespaceSchemaLocation="https://maven.apache.org/surefire/maven-surefire-plugin/xsd/surefire-test-report.xsd" name="TestSuite" time="0.459" tests="1" errors="0" skipped="0" failures="0">
  <properties>
    <property name="java.specification.version" value="18"/>
    <property name="sun.cpu.isalist" value="amd64"/>
    <property name="sun.jnu.encoding" value="GBK"/>
    <property name="java.class.path" value="D:\eclipseproject\maventest\mavenone\target\test-classes;D:\eclipseproject\maventest\mavenone\target\classes;C:\Users\WXY\.m2\repository\org\testng\testng\6.14.3\testng-6.14.3.jar;C:\Users\WXY\.m2\repository\com\beust\jcommander\1.72\jcommander-1.72.jar;C:\Users\WXY\.m2\repository\org\apache-extras\beanshell\bsh\2.0b6\bsh-2.0b6.jar;"/>
    <property name="java.vm.vendor" value="Oracle Corporation"/>
    <property name="sun.arch.data.model" value="64"/>
    <property name="user.variant" value=""/>
    <property name="java.vendor.url" value="https://java.oracle.com/"/>
    <property name="user.timezone" value="Asia/Shanghai"/>
    <property name="os.name" value="Windows 10"/>
    <property name="java.vm.specification.version" value="18"/>
    <property name="sun.java.launcher" value="SUN_STANDARD"/>
    <property name="user.country" value="CN"/>
    <property name="sun.boot.library.path" value="D:\jdk\jdk-18.0.1.1\bin"/>
    <property name="sun.java.command" value="C:\Users\WXY\AppData\Local\Temp\surefire7463553952529685431\surefirebooter1708003406649752046.jar C:\Users\WXY\AppData\Local\Temp\surefire7463553952529685431 2022-06-29T18-07-01_004-jvmRun1 surefire15604495079547803144tmp surefire_0459875167234123760tmp"/>
    <property name="jdk.debug" value="release"/>
    <property name="surefire.test.class.path" value="D:\eclipseproject\maventest\mavenone\target\test-classes;D:\eclipseproject\maventest\mavenone\target\classes;C:\Users\WXY\.m2\repository\org\testng\testng\6.14.3\testng-6.14.3.jar;C:\Users\WXY\.m2\repository\com\beust\jcommander\1.72\jcommander-1.72.jar;C:\Users\WXY\.m2\repository\org\apache-extras\beanshell\bsh\2.0b6\bsh-2.0b6.jar;"/>
    <property name="sun.cpu.endian" value="little"/>
    <property name="user.home" value="C:\Users\WXY"/>
    <property name="user.language" value="zh"/>
    <property name="java.specification.vendor" value="Oracle Corporation"/>
    <property name="java.version.date" value="2022-04-22"/>
    <property name="java.home" value="D:\jdk\jdk-18.0.1.1"/>
    <property name="file.separator" value="\"/>
    <property name="basedir" value="D:\eclipseproject\maventest\mavenone"/>
    <property name="java.vm.compressedOopsMode" value="32-bit"/>
    <property name="line.separator" value="&#10;"/>
    <property name="java.vm.specification.vendor" value="Oracle Corporation"/>
    <property name="java.specification.name" value="Java Platform API Specification"/>
    <property name="surefire.real.class.path" value="C:\Users\WXY\AppData\Local\Temp\surefire7463553952529685431\surefirebooter1708003406649752046.jar"/>
    <property name="user.script" value=""/>
    <property name="sun.management.compiler" value="HotSpot 64-Bit Tiered Compilers"/>
    <property name="java.runtime.version" value="18.0.1.1+2-6"/>
    <property name="user.name" value="WXY"/>
    <property name="path.separator" value=";"/>
    <property name="os.version" value="10.0"/>
    <property name="java.runtime.name" value="Java(TM) SE Runtime Environment"/>
    <property name="file.encoding" value="UTF-8"/>
    <property name="java.vm.name" value="Java HotSpot(TM) 64-Bit Server VM"/>
    <property name="localRepository" value="C:\Users\WXY\.m2\repository"/>
    <property name="java.vendor.url.bug" value="https://bugreport.java.com/bugreport/"/>
    <property name="java.io.tmpdir" value="C:\Users\WXY\AppData\Local\Temp\"/>
    <property name="java.version" value="18.0.1.1"/>
    <property name="user.dir" value="D:\eclipseproject\maventest\mavenone"/>
    <property name="os.arch" value="amd64"/>
    <property name="java.vm.specification.name" value="Java Virtual Machine Specification"/>
    <property name="sun.os.patch.level" value=""/>
    <property name="native.encoding" value="GBK"/>
    <property name="java.library.path" value="D:\jdk\jdk-18.0.1.1\bin;C:\WINDOWS\Sun\Java\bin;C:\WINDOWS\system32;C:\WINDOWS;D:/jdk/jdk-18.0.1.1/bin/server;D:/jdk/jdk-18.0.1.1/bin;D:\Python\Scripts\;D:\Python\;C:\Program Files (x86)\Common Files\Oracle\Java\javapath;C:\Windows\system32;C:\Windows;C:\Windows\System32\Wbem;C:\Windows\System32\WindowsPowerShell\v1.0\;C:\Windows\System32\OpenSSH\;C:\Program Files (x86)\Intel\Intel(R) Management Engine Components\DAL;C:\Program Files\Intel\Intel(R) Management Engine Components\DAL;C:\Program Files (x86)\NVIDIA Corporation\PhysX\Common;C:\Program Files\NVIDIA Corporation\NVIDIA NvDLISR;C:\Program Files\Intel\WiFi\bin\;C:\Program Files\Common Files\Intel\WirelessCommon\;D:\jdk\jdk-18.0.1.1\bin;D:\jdk\jdk-18.0.1.1\jre\bin;D:\MySQL\bin;D:\Java\apache-maven-3.3.9\bin;C:\Program Files\BambooCloud AppHub;D:\Tomcat\apache-tomcat-8.5.73\bin;D:\Java\apache-maven-3.3.9\bin;D:\jmeter\apache-jmeter-5.1.1\bin;D:\jdk;D:\Tomcat\apache-tomcat-8.5.73\bin;C:\WINDOWS\system32;C:\WINDOWS;C:\WINDOWS\System32\Wbem;C:\WINDOWS\System32\WindowsPowerShell\v1.0\;C:\WINDOWS\System32\OpenSSH\;&quot;D:\jdk\jdk-18.0.1.1\lib\dt.jar;D:\jdk\jdk-18.0.1.1\tools.jar&quot;;C:\Users\WXY\AppData\Local\Microsoft\WindowsApps;D:\Fiddler;D:\PyCharm\PyCharm 2019.3.1\bin;;D:\PyCharm\PyCharm Community Edition 2020.2\bin;;D:\MySQL\bin;D:\MinGW;;C:\Users\WXY\AppData\Local\Microsoft\WindowsApps;D:\eclipse\eclipse;;."/>
    <property name="java.vm.info" value="mixed mode, sharing"/>
    <property name="java.vendor" value="Oracle Corporation"/>
    <property name="java.vm.version" value="18.0.1.1+2-6"/>
    <property name="sun.io.unicode.encoding" value="UnicodeLittle"/>
    <property name="java.class.version" value="62.0"/>
  </properties>
  <testcase name="f" classname="mavenone.NewTest" time="0.006"/>
</testsuite>